asc2plb
atomdist
autocorr
binrepl
blefilt
blend
blocktab
bonds
cfg2atm
cfg2plb
che.sh
comment
coordn
cp2cp
cpacol
cppak
cutprt
density
densprof
eddata
eqfield
ev
evu
exp2pow
extract
field
filttab
go
hbonds
histogr
ice
lattice
lc
lemon
liat
line
m2m
makemake
makeone.sh
makepept
mergetab
mol2mol
molcfg
molren
mvexe.sh
naclcryst
nmf.sh
nmf4guest.sh
oneline
pdb
pdb2pdb
plb2asc
plb2cfg
plb2cryst
plb2diff
plb2nbr
plb2plb
plbbox
plbcenter
plbconv
plbcut
plbfilt
plbframe
plbinfo
plbmatch
plbmerge
plbmsd
plbpak
plbreplicate
plbscale
plbsites
plbstack
plbtran
plot
plotcpa
ppm2ppm
ppm2ps
ppminfo
ppmscale
ramachan
ray
rdfg
ren
repl
rsd
runint
runsum
sfourier
show
showatm
showcfg
showcp
shownear
shownmf.sh
showplz
sortcite
sparsetab
spectrum
staprt
start
stereo
stop.sh
sum
sumetc
tab
tabproc
visc.sh
